<?xml version="1.0" encoding="UTF-8"?>
<!-- Generated by org.testng.reporters.JUnitXMLReporter -->
<testsuite hostname="DESKTOP-AB1UVI3" ignored="0" name="Test" tests="6" failures="0" timestamp="09 Jul 2021 18:57:56 GMT" time="28.514" errors="0">
  <testcase name="TestURLTest" time="0.016" classname="com.jbk.Test.DashboardPageTest"/>
  <testcase name="Verify_CoursesTest" time="0.111" classname="com.jbk.Test.DashboardPageTest"/>
  <testcase name="Verify_Sub_CoursesTest" time="0.137" classname="com.jbk.Test.DashboardPageTest"/>
  <testcase name="verifyDashHeadingTest" time="0.102" classname="com.jbk.Test.DashboardPageTest"/>
  <testcase name="verifyDashTitleTest" time="0.016" classname="com.jbk.Test.DashboardPageTest"/>
  <testcase name="verify_menusTest" time="0.65" classname="com.jbk.Test.DashboardPageTest"/>
</testsuite> <!-- Test -->
