<?xml version="1.0" encoding="UTF-8"?>
<testsuite xmlns:xsi="http://www.w3.org/2001/XMLSchema-instance" xsi:noNamespaceSchemaLocation="https://maven.apache.org/surefire/maven-surefire-plugin/xsd/surefire-test-report-3.0.xsd" version="3.0" name="TestSuite" time="48.716" tests="9" errors="0" skipped="0" failures="2">
  <properties>
[...]
</properties>
  <testcase name="TestURLTest" classname="com.jbk.Test.DashboardPageTest" time="0">
    <system-out><![CDATA[file:///C:/adv%20java%20setup/Selenium%20Software/Offline%20Website/index.html
file:///C:/adv%20java%20setup/Selenium%20Software/Offline%20Website/index.html
file:///C:/adv%20java%20setup/Selenium%20Software/Offline%20Website/index.html
file:///C:/adv%20java%20setup/Selenium%20Software/Offline%20Website/index.html
file:///C:/adv%20java%20setup/Selenium%20Software/Offline%20Website/index.html
file:///C:/adv%20java%20setup/Selenium%20Software/Offline%20Website/index.html
]]></system-out>
    <system-err><![CDATA[Starting ChromeDriver 91.0.4472.19 (1bf021f248676a0b2ab3ee0561d83a59e424c23e-refs/branch-heads/4472@{#288}) on port 3749
Only local connections are allowed.
Please see https://chromedriver.chromium.org/security-considerations for suggestions on keeping ChromeDriver safe.
ChromeDriver was started successfully.
Jul 10, 2021 12:32:44 AM org.openqa.selenium.remote.ProtocolHandshake createSession
INFO: Detected dialect: W3C
]]></system-err>
  </testcase>
  <testcase name="Verify_CoursesTest" classname="com.jbk.Test.DashboardPageTest" time="0.128">
    <system-out><![CDATA[actualNames:Selenium
actualNames:Java / J2EE
actualNames:Python
actualNames:Php
]]></system-out>
    <system-err><![CDATA[Starting ChromeDriver 91.0.4472.19 (1bf021f248676a0b2ab3ee0561d83a59e424c23e-refs/branch-heads/4472@{#288}) on port 13159
Only local connections are allowed.
Please see https://chromedriver.chromium.org/security-considerations for suggestions on keeping ChromeDriver safe.
ChromeDriver was started successfully.
Jul 10, 2021 12:32:47 AM org.openqa.selenium.remote.ProtocolHandshake createSession
INFO: Detected dialect: W3C
]]></system-err>
  </testcase>
  <testcase name="Verify_Sub_CoursesTest" classname="com.jbk.Test.DashboardPageTest" time="0.172">
    <system-out><![CDATA[actualNames:Automation Testing
actualNames:Software Development
actualNames:Data Science
actualNames:Web Development
]]></system-out>
    <system-err><![CDATA[Starting ChromeDriver 91.0.4472.19 (1bf021f248676a0b2ab3ee0561d83a59e424c23e-refs/branch-heads/4472@{#288}) on port 15471
Only local connections are allowed.
Please see https://chromedriver.chromium.org/security-considerations for suggestions on keeping ChromeDriver safe.
ChromeDriver was started successfully.
Jul 10, 2021 12:32:50 AM org.openqa.selenium.remote.ProtocolHandshake createSession
INFO: Detected dialect: W3C
]]></system-err>
  </testcase>
  <testcase name="verifyDashHeadingTest" classname="com.jbk.Test.DashboardPageTest" time="0.07">
    <system-out><![CDATA[Java By Kiran
]]></system-out>
    <system-err><![CDATA[Starting ChromeDriver 91.0.4472.19 (1bf021f248676a0b2ab3ee0561d83a59e424c23e-refs/branch-heads/4472@{#288}) on port 41844
Only local connections are allowed.
Please see https://chromedriver.chromium.org/security-considerations for suggestions on keeping ChromeDriver safe.
ChromeDriver was started successfully.
Jul 10, 2021 12:32:55 AM org.openqa.selenium.remote.ProtocolHandshake createSession
INFO: Detected dialect: W3C
]]></system-err>
  </testcase>
  <testcase name="verifyDashTitleTest" classname="com.jbk.Test.DashboardPageTest" time="0.008">
    <system-err><![CDATA[Starting ChromeDriver 91.0.4472.19 (1bf021f248676a0b2ab3ee0561d83a59e424c23e-refs/branch-heads/4472@{#288}) on port 47584
Only local connections are allowed.
Please see https://chromedriver.chromium.org/security-considerations for suggestions on keeping ChromeDriver safe.
ChromeDriver was started successfully.
Jul 10, 2021 12:32:58 AM org.openqa.selenium.remote.ProtocolHandshake createSession
INFO: Detected dialect: W3C
]]></system-err>
  </testcase>
  <testcase name="verify_menusTest" classname="com.jbk.Test.DashboardPageTest" time="0.644">
    <system-out><![CDATA[[Dashboard, Users, Operators, Useful Links, Downloads, Logout]
Dashboard
Users
Operators
Useful Links
Downloads
Logout
]]></system-out>
    <system-err><![CDATA[Starting ChromeDriver 91.0.4472.19 (1bf021f248676a0b2ab3ee0561d83a59e424c23e-refs/branch-heads/4472@{#288}) on port 8442
Only local connections are allowed.
Please see https://chromedriver.chromium.org/security-considerations for suggestions on keeping ChromeDriver safe.
ChromeDriver was started successfully.
Jul 10, 2021 12:33:02 AM org.openqa.selenium.remote.ProtocolHandshake createSession
INFO: Detected dialect: W3C
]]></system-err>
  </testcase>
  <testcase name="verifyHeaderOfUPTest" classname="com.jbk.Test.UserPageTest" time="0.375">
    <failure message="lists don&apos;t have the same size expected [8] but found [5]" type="java.lang.AssertionError"><![CDATA[java.lang.AssertionError: lists don't have the same size expected [8] but found [5]
	at com.jbk.Test.UserPageTest.verifyHeaderOfUPTest(UserPageTest.java:30)
]]></failure>
    <system-out><![CDATA[# Username Email Mobile Course Gender State Action
1 Kiran kiran@gmail.com 9898989898 Java/J2EE Male Maharashtra Delete
2 Sagar sagar@gmail.com 999999999 Selenium Male Punjab Delete
3 Monica monica@gmail.com 1111111111 Python Female Maharashtra Delete
4 Kimaya kimaya@gmail.com 999999999 PHP Female Punjab Delete
# Username Email Mobile Course Gender State Action
1 Kiran kiran@gmail.com 9898989898 Java/J2EE Male Maharashtra Delete
2 Sagar sagar@gmail.com 999999999 Selenium Male Punjab Delete
3 Monica monica@gmail.com 1111111111 Python Female Maharashtra Delete
4 Kimaya kimaya@gmail.com 999999999 PHP Female Punjab Delete
]]></system-out>
    <system-err><![CDATA[Starting ChromeDriver 91.0.4472.19 (1bf021f248676a0b2ab3ee0561d83a59e424c23e-refs/branch-heads/4472@{#288}) on port 35953
Only local connections are allowed.
Please see https://chromedriver.chromium.org/security-considerations for suggestions on keeping ChromeDriver safe.
ChromeDriver was started successfully.
Jul 10, 2021 12:33:10 AM org.openqa.selenium.remote.ProtocolHandshake createSession
INFO: Detected dialect: W3C
]]></system-err>
  </testcase>
  <testcase name="validUserForWhatsappAndPhoneCalls" classname="com.jbk.Test.OperatorPageTest" time="0.36">
    <system-out><![CDATA[Person name who is available with Whats App && Phone Call only::Neelam
Person name who is available with Whats App && Phone Call only::Seema
Person name who is available with Whats App && Phone Call only::Varsha
]]></system-out>
    <system-err><![CDATA[Starting ChromeDriver 91.0.4472.19 (1bf021f248676a0b2ab3ee0561d83a59e424c23e-refs/branch-heads/4472@{#288}) on port 29184
Only local connections are allowed.
Please see https://chromedriver.chromium.org/security-considerations for suggestions on keeping ChromeDriver safe.
ChromeDriver was started successfully.
Jul 10, 2021 12:33:18 AM org.openqa.selenium.remote.ProtocolHandshake createSession
INFO: Detected dialect: W3C
]]></system-err>
  </testcase>
  <testcase name="invalidLoginTest" classname="com.jbk.Test.LoginPageTest" time="0.018">
    <failure message="Keys to send should be a not null CharSequence" type="java.lang.IllegalArgumentException"><![CDATA[java.lang.IllegalArgumentException: Keys to send should be a not null CharSequence
	at com.jbk.Test.LoginPageTest.invalidLoginTest(LoginPageTest.java:25)
]]></failure>
    <system-err><![CDATA[Starting ChromeDriver 91.0.4472.19 (1bf021f248676a0b2ab3ee0561d83a59e424c23e-refs/branch-heads/4472@{#288}) on port 31818
Only local connections are allowed.
Please see https://chromedriver.chromium.org/security-considerations for suggestions on keeping ChromeDriver safe.
ChromeDriver was started successfully.
Jul 10, 2021 12:33:28 AM org.openqa.selenium.remote.ProtocolHandshake createSession
INFO: Detected dialect: W3C
]]></system-err>
  </testcase>
</testsuite>